#
# There is insufficient memory for the Java Runtime Environment to continue.
# Native memory allocation (malloc) failed to allocate 1048576 bytes for AllocateHeap
# Possible reasons:
#   The system is out of physical RAM or swap space
#   In 32 bit mode, the process size limit was hit
# Possible solutions:
#   Reduce memory load on the system
#   Increase physical memory or swap space
#   Check if swap backing store is full
#   Use 64 bit Java on a 64 bit OS
#   Decrease Java heap size (-Xmx/-Xms)
#   Decrease number of Java threads
#   Decrease Java thread stack sizes (-Xss)
#   Set larger code cache with -XX:ReservedCodeCacheSize=
# This output file may be truncated or incomplete.
#
#  Out of Memory Error (memory/allocation.inline.hpp:61), pid=15500, tid=0x0000000000003ca0
#
# JRE version:  (8.0_101-b13) (build )
# Java VM: Java HotSpot(TM) 64-Bit Server VM (25.101-b13 mixed mode windows-amd64 compressed oops)
# Failed to write core dump. Minidumps are not enabled by default on client versions of Windows
#

---------------  T H R E A D  ---------------

Current thread (0x0000000002ac1000):  JavaThread "Unknown thread" [_thread_in_vm, id=15520, stack(0x00000000028c0000,0x00000000029c0000)]

Stack: [0x00000000028c0000,0x00000000029c0000]
[error occurred during error reporting (printing stack bounds), id 0xc0000005]

Native frames: (J=compiled Java code, j=interpreted, Vv=VM code, C=native code)


---------------  P R O C E S S  ---------------

Java Threads: ( => current thread )

Other Threads:

=>0x0000000002ac1000 (exited) JavaThread "Unknown thread" [_thread_in_vm, id=15520, stack(0x00000000028c0000,0x00000000029c0000)]

VM state:not at safepoint (normal execution)

VM Mutex/Monitor currently owned by a thread: None

Heap:
 PSYoungGen      total 38400K, used 665K [0x00000000d5f80000, 0x00000000d8a00000, 0x0000000100000000)
  eden space 33280K, 2% used [0x00000000d5f80000,0x00000000d6026670,0x00000000d8000000)
  from space 5120K, 0% used [0x00000000d8500000,0x00000000d8500000,0x00000000d8a00000)
  to   space 5120K, 0% used [0x00000000d8000000,0x00000000d8000000,0x00000000d8500000)
 ParOldGen       total 87552K, used 0K [0x0000000081e00000, 0x0000000087380000, 0x00000000d5f80000)
  object space 87552K, 0% used [0x0000000081e00000,0x0000000081e00000,0x0000000087380000)
 Metaspace       used 783K, capacity 1092K, committed 1152K, reserved 1060864K
  class space    used 75K, capacity 384K, committed 384K, reserved 1048576K

Card table byte_map: [0x0000000011f80000,0x0000000012380000] byte_map_base: 0x0000000011b71000

Marking Bits: (ParMarkBitMap*) 0x000000006019a6d0
 Begin Bits: [0x0000000012a30000, 0x00000000149b8000)
 End Bits:   [0x00000000149b8000, 0x0000000016940000)

Polling page: 0x0000000001140000

CodeCache: size=245760Kb used=328Kb max_used=328Kb free=245431Kb
 bounds [0x0000000002bc0000, 0x0000000002e30000, 0x0000000011bc0000]
 total_blobs=58 nmethods=0 adapters=38
 compilation: enabled

Compilation events (0 events):
No events

GC Heap History (0 events):
No events

Deoptimization events (0 events):
No events

Internal exceptions (0 events):
No events

Events (10 events):
Event: 0.041 loading class java/lang/Short
Event: 0.041 loading class java/lang/Short done
Event: 0.041 loading class java/lang/Integer
Event: 0.041 loading class java/lang/Integer done
Event: 0.041 loading class java/lang/Long
Event: 0.041 loading class java/lang/Long done
Event: 0.042 loading class java/lang/NullPointerException
Event: 0.042 loading class java/lang/NullPointerException done
Event: 0.042 loading class java/lang/ArithmeticException
Event: 0.042 loading class java/lang/ArithmeticException done


Dynamic libraries:
0x00007ff7cdc00000 - 0x00007ff7cdc37000 	C:\Program Files\Java\jdk1.8.0_101\bin\javaw.exe
0x00007ffe14070000 - 0x00007ffe14241000 	C:\Windows\SYSTEM32\ntdll.dll
0x00007ffe13a90000 - 0x00007ffe13b3b000 	C:\Windows\System32\KERNEL32.DLL
0x00007ffe113e0000 - 0x00007ffe115fd000 	C:\Windows\System32\KERNELBASE.dll
0x00007ffe13cd0000 - 0x00007ffe13d72000 	C:\Windows\System32\ADVAPI32.dll
0x00007ffe11fe0000 - 0x00007ffe1207e000 	C:\Windows\System32\msvcrt.dll
0x00007ffe11ee0000 - 0x00007ffe11f39000 	C:\Windows\System32\sechost.dll
0x00007ffe11660000 - 0x00007ffe11781000 	C:\Windows\System32\RPCRT4.dll
0x00007ffe11d70000 - 0x00007ffe11ed5000 	C:\Windows\System32\USER32.dll
0x00007ffe11020000 - 0x00007ffe1103e000 	C:\Windows\System32\win32u.dll
0x00007ffe11fa0000 - 0x00007ffe11fd4000 	C:\Windows\System32\GDI32.dll
0x00007ffe10d90000 - 0x00007ffe10f12000 	C:\Windows\System32\gdi32full.dll
0x00007ffe06eb0000 - 0x00007ffe0712a000 	C:\Windows\WinSxS\amd64_microsoft.windows.common-controls_6595b64144ccf1df_6.0.14393.953_none_42151e83c686086b\COMCTL32.dll
0x00007ffe13d80000 - 0x00007ffe14048000 	C:\Windows\System32\combase.dll
0x00007ffe10f20000 - 0x00007ffe11015000 	C:\Windows\System32\ucrtbase.dll
0x00007ffe11370000 - 0x00007ffe113da000 	C:\Windows\System32\bcryptPrimitives.dll
0x00007ffe12320000 - 0x00007ffe1234e000 	C:\Windows\System32\IMM32.DLL
0x000000005f6f0000 - 0x000000005f7c2000 	C:\Program Files\Java\jdk1.8.0_101\jre\bin\msvcr100.dll
0x000000005f980000 - 0x000000006021a000 	C:\Program Files\Java\jdk1.8.0_101\jre\bin\server\jvm.dll
0x00007ffe12410000 - 0x00007ffe12418000 	C:\Windows\System32\PSAPI.DLL
0x00007ffdfc840000 - 0x00007ffdfc849000 	C:\Windows\SYSTEM32\WSOCK32.dll
0x00007ffe13c60000 - 0x00007ffe13cca000 	C:\Windows\System32\WS2_32.dll
0x00007ffe0e9d0000 - 0x00007ffe0e9f3000 	C:\Windows\SYSTEM32\WINMM.dll
0x00007ffe04720000 - 0x00007ffe0472a000 	C:\Windows\SYSTEM32\VERSION.dll
0x00007ffe0e9a0000 - 0x00007ffe0e9cb000 	C:\Windows\SYSTEM32\WINMMBASE.dll
0x00007ffe11320000 - 0x00007ffe11362000 	C:\Windows\System32\cfgmgr32.dll
0x000000005f890000 - 0x000000005f89f000 	C:\Program Files\Java\jdk1.8.0_101\jre\bin\verify.dll
0x000000005f860000 - 0x000000005f889000 	C:\Program Files\Java\jdk1.8.0_101\jre\bin\java.dll
0x000000005f840000 - 0x000000005f856000 	C:\Program Files\Java\jdk1.8.0_101\jre\bin\zip.dll

VM Arguments:
jvm_args: -Dfile.encoding=Cp1256 
java_command: view.GUIview
java_class_path (initial): D:\Data Structures 2\SignalFlowGraph\bin;D:\Data Structures 2\SignalFlowGraph\gs-algo-1.3\gs-algo-1.3.jar;D:\Data Structures 2\SignalFlowGraph\gs-algo-1.3\gs-algo-1.3-javadoc.jar;D:\Data Structures 2\SignalFlowGraph\gs-algo-1.3\gs-algo-1.3-sources.jar;D:\Data Structures 2\SignalFlowGraph\gs-core-1.3\gs-core-1.3.jar;D:\Data Structures 2\SignalFlowGraph\gs-core-1.3\gs-core-1.3-javadoc.jar;D:\Data Structures 2\SignalFlowGraph\gs-core-1.3\gs-core-1.3-sources.jar;D:\Data Structures 2\SignalFlowGraph\gs-ui-1.3\gs-ui-1.3.jar;D:\Data Structures 2\SignalFlowGraph\gs-ui-1.3\gs-ui-1.3-javadoc.jar;D:\Data Structures 2\SignalFlowGraph\gs-ui-1.3\gs-ui-1.3-sources.jar
Launcher Type: SUN_STANDARD

Environment Variables:
JRE_HOME=C:\Program Files\Java\jdk1.8.0_101\jre
PATH=C:/Program Files/Java/jdk1.8.0_101/bin/../jre/bin/server;C:/Program Files/Java/jdk1.8.0_101/bin/../jre/bin;C:/Program Files/Java/jdk1.8.0_101/bin/../jre/lib/amd64;D:\Digital\ISE\bin\nt;D:\Digital\ISE\lib\nt;D:\Digital\ISE\smartmodel\nt\installed_nt\lib\pcnt.lib;C:\Windows\system32;C:\Windows;C:\Windows\System32\Wbem;C:\Windows\System32\WindowsPowerShell\v1.0\;C:\Program Files\Java\jdk1.8.0_101\bin;C:\Program Files\MiKTeX 2.9\miktex\bin\x64\;C:\Program Files (x86)\Skype\Phone\;C:\Users\hayas\AppData\Local\Microsoft\WindowsApps;;D:\myD\eclipse _ Java\eclipse-java-mars-1-win32-x86_64\eclipse;
USERNAME=hayas
OS=Windows_NT
PROCESSOR_IDENTIFIER=Intel64 Family 6 Model 69 Stepping 1, GenuineIntel



---------------  S Y S T E M  ---------------

OS: Windows 10.0 , 64 bit Build 14393 (10.0.14393.0)

CPU:total 4 (2 cores per cpu, 2 threads per core) family 6 model 69 stepping 1, cmov, cx8, fxsr, mmx, sse, sse2, sse3, ssse3, sse4.1, sse4.2, popcnt, avx, avx2, aes, clmul, erms, lzcnt, ht, tsc, tscinvbit, bmi1, bmi2

Memory: 4k page, physical 8257644k(2370420k free), swap 23683048k(6088k free)

vm_info: Java HotSpot(TM) 64-Bit Server VM (25.101-b13) for windows-amd64 JRE (1.8.0_101-b13), built on Jun 22 2016 01:21:29 by "java_re" with MS VC++ 10.0 (VS2010)

time: Fri Apr 21 01:01:35 2017
elapsed time: 0 seconds (0d 0h 0m 0s)

